<?xml version="1.0" encoding="UTF-8"?>
<testng-results skipped="0" failed="0" ignored="0" total="1" passed="1">
  <reporter-output>
  </reporter-output>
  <suite name="Surefire suite" duration-ms="18369" started-at="2020-05-20T16:39:01 CDT" finished-at="2020-05-20T16:39:20 CDT">
    <groups>
      <group name="cucumber">
        <method signature="AbstractTestNGCucumberTests.runScenario(io.cucumber.testng.PickleWrapper, io.cucumber.testng.FeatureWrapper)[pri:0, instance:runners.MyRunner@548e7350]" name="runScenario" class="io.cucumber.testng.AbstractTestNGCucumberTests"/>
      </group> <!-- cucumber -->
    </groups>
    <test name="Surefire test" duration-ms="18369" started-at="2020-05-20T16:39:01 CDT" finished-at="2020-05-20T16:39:20 CDT">
      <class name="runners.MyRunner">
        <test-method status="PASS" signature="setUpClass()[pri:0, instance:runners.MyRunner@548e7350]" name="setUpClass" is-config="true" duration-ms="407" started-at="2020-05-20T16:39:01 CDT" finished-at="2020-05-20T16:39:02 CDT">
          <reporter-output>
          </reporter-output>
        </test-method> <!-- setUpClass -->
        <test-method status="PASS" signature="runScenario(io.cucumber.testng.PickleWrapper, io.cucumber.testng.FeatureWrapper)[pri:0, instance:runners.MyRunner@548e7350]" name="runScenario" duration-ms="17799" started-at="2020-05-20T16:39:02 CDT" description="Runs Cucumber Scenarios" data-provider="scenarios" finished-at="2020-05-20T16:39:20 CDT">
          <params>
            <param index="0">
              <value>
                <![CDATA["Verify the USA search title in bbc.com"]]>
              </value>
            </param>
            <param index="1">
              <value>
                <![CDATA["bbc search USA"]]>
              </value>
            </param>
          </params>
          <reporter-output>
          </reporter-output>
        </test-method> <!-- runScenario -->
        <test-method status="PASS" signature="tearDownClass()[pri:0, instance:runners.MyRunner@548e7350]" name="tearDownClass" is-config="true" duration-ms="116" started-at="2020-05-20T16:39:20 CDT" finished-at="2020-05-20T16:39:20 CDT">
          <reporter-output>
          </reporter-output>
        </test-method> <!-- tearDownClass -->
      </class> <!-- runners.MyRunner -->
    </test> <!-- Surefire test -->
  </suite> <!-- Surefire suite -->
</testng-results>
