<?xml version="1.0" encoding="UTF-8"?>
<testng-results skipped="0" failed="1" ignored="0" total="1" passed="0">
  <reporter-output>
  </reporter-output>
  <suite name="Suite" duration-ms="10100" started-at="2020-05-21T16:36:36 CDT" finished-at="2020-05-21T16:36:46 CDT">
    <groups>
      <group name="cucumber">
        <method signature="AbstractTestNGCucumberTests.runScenario(io.cucumber.testng.PickleWrapper, io.cucumber.testng.FeatureWrapper)[pri:0, instance:runners.MyRunner@464bee09]" name="runScenario" class="io.cucumber.testng.AbstractTestNGCucumberTests"/>
      </group> <!-- cucumber -->
    </groups>
    <test name="Test" duration-ms="10100" started-at="2020-05-21T16:36:36 CDT" finished-at="2020-05-21T16:36:46 CDT">
      <class name="runners.MyRunner">
        <test-method status="PASS" signature="setUpClass()[pri:0, instance:runners.MyRunner@464bee09]" name="setUpClass" is-config="true" duration-ms="422" started-at="2020-05-21T16:36:36 CDT" finished-at="2020-05-21T16:36:36 CDT">
          <reporter-output>
          </reporter-output>
        </test-method> <!-- setUpClass -->
        <test-method status="FAIL" signature="runScenario(io.cucumber.testng.PickleWrapper, io.cucumber.testng.FeatureWrapper)[pri:0, instance:runners.MyRunner@464bee09]" name="runScenario" duration-ms="9276" started-at="2020-05-21T16:36:36 CDT" description="Runs Cucumber Scenarios" data-provider="scenarios" finished-at="2020-05-21T16:36:45 CDT">
          <params>
            <param index="0">
              <value>
                <![CDATA["Verify the USA search title in bbc.com"]]>
              </value>
            </param>
            <param index="1">
              <value>
                <![CDATA["bbc search USA"]]>
              </value>
            </param>
          </params>
          <exception class="java.lang.NullPointerException">
            <full-stacktrace>
              <![CDATA[java.lang.NullPointerException
at stepDefinitions.bbcUSAStepDef.put_Usa_in_search_and_search(bbcUSAStepDef.java:30)
at ✽.put Usa in search and search(file:///Users/surajgurung/Documents/java/gits/sujProject1300/features/bbcUSA.feature:5)
]]>
            </full-stacktrace>
          </exception> <!-- java.lang.NullPointerException -->
          <reporter-output>
          </reporter-output>
        </test-method> <!-- runScenario -->
        <test-method status="PASS" signature="tearDownClass()[pri:0, instance:runners.MyRunner@464bee09]" name="tearDownClass" is-config="true" duration-ms="337" started-at="2020-05-21T16:36:45 CDT" finished-at="2020-05-21T16:36:46 CDT">
          <reporter-output>
          </reporter-output>
        </test-method> <!-- tearDownClass -->
      </class> <!-- runners.MyRunner -->
    </test> <!-- Test -->
  </suite> <!-- Suite -->
</testng-results>
