-------------------------------------------------------------------------------
Test set: TestSuite
-------------------------------------------------------------------------------
Tests run: 1, Failures: 1, Errors: 0, Skipped: 0, Time elapsed: 20.798 s <<< FAILURE! - in TestSuite
runScenario(runners.MyRunner)  Time elapsed: 9.301 s  <<< FAILURE!
java.lang.NullPointerException

