<?xml version="1.0" encoding="UTF-8"?>
<!-- Generated by org.testng.reporters.JUnitXMLReporter -->
<testsuite hostname="Laxmis-MacBook-Air.local" ignored="0" name="Test" tests="1" failures="1" timestamp="2020-05-21T16:36:51 CDT" time="10.1" errors="0">
  <testcase name="runScenario" time="9.276" classname="io.cucumber.testng.AbstractTestNGCucumberTests">
    <failure type="java.lang.NullPointerException">
      <![CDATA[java.lang.NullPointerException
at stepDefinitions.bbcUSAStepDef.put_Usa_in_search_and_search(bbcUSAStepDef.java:30)
at ✽.put Usa in search and search(file:///Users/surajgurung/Documents/java/gits/sujProject1300/features/bbcUSA.feature:5)
]]>
    </failure>
  </testcase> <!-- runScenario -->
</testsuite> <!-- Test -->
