<?xml version="1.0" encoding="UTF-8"?>
<!-- Generated by org.testng.reporters.JUnitReportReporter -->
<testsuite skipped="0" hostname="Laxmis-MacBook-Air.local" name="runners.MyRunner" tests="1" failures="0" timestamp="2020-05-21T16:36:51 CDT" time="9.276" errors="1">
  <testcase name="runScenario" time="9.276" classname="runners.MyRunner">
    <error type="java.lang.NullPointerException">
      <![CDATA[java.lang.NullPointerException
at stepDefinitions.bbcUSAStepDef.put_Usa_in_search_and_search(bbcUSAStepDef.java:30)
at ✽.put Usa in search and search(file:///Users/surajgurung/Documents/java/gits/sujProject1300/features/bbcUSA.feature:5)
]]>
    </error>
  </testcase> <!-- runScenario -->
  <system-out/>
</testsuite> <!-- runners.MyRunner -->
